TN:
SF:/Users/home/alchemy/career/overripe-bananas/lib/app.js
FNF:0
FNH:0
DA:1,6
DA:2,6
DA:4,6
DA:5,6
DA:7,6
DA:8,6
DA:9,6
DA:10,6
DA:11,6
DA:12,6
DA:14,6
DA:15,6
DA:17,6
LF:13
LH:13
BRF:0
BRH:0
end_of_record
TN:
SF:/Users/home/alchemy/career/overripe-bananas/lib/helpers/data-helpers.js
FN:11,(anonymous_0)
FN:15,(anonymous_1)
FN:19,(anonymous_2)
FN:23,(anonymous_3)
FN:27,(anonymous_4)
FN:29,(anonymous_5)
FN:33,(anonymous_6)
FN:34,(anonymous_7)
FN:34,(anonymous_8)
FNF:9
FNH:9
FNDA:6,(anonymous_0)
FNDA:19,(anonymous_1)
FNDA:19,(anonymous_2)
FNDA:6,(anonymous_3)
FNDA:23,(anonymous_4)
FNDA:30,(anonymous_5)
FNDA:15,(anonymous_6)
FNDA:4,(anonymous_7)
FNDA:4,(anonymous_8)
DA:1,6
DA:2,6
DA:3,6
DA:4,6
DA:5,6
DA:6,6
DA:7,6
DA:8,6
DA:9,6
DA:11,6
DA:12,6
DA:15,6
DA:16,19
DA:19,6
DA:20,19
DA:23,6
DA:24,6
DA:27,23
DA:29,6
DA:30,30
DA:32,30
DA:33,15
DA:34,4
DA:38,6
LF:24
LH:24
BRF:0
BRH:0
end_of_record
TN:
SF:/Users/home/alchemy/career/overripe-bananas/lib/helpers/seed.js
FN:9,(anonymous_0)
FN:11,(anonymous_1)
FN:15,(anonymous_2)
FN:24,(anonymous_3)
FN:29,(anonymous_4)
FN:31,(anonymous_5)
FN:33,(anonymous_6)
FN:36,(anonymous_7)
FN:38,(anonymous_8)
FN:40,(anonymous_9)
FNF:10
FNH:10
FNDA:19,(anonymous_0)
FNDA:38,(anonymous_1)
FNDA:38,(anonymous_2)
FNDA:38,(anonymous_3)
FNDA:38,(anonymous_4)
FNDA:76,(anonymous_5)
FNDA:76,(anonymous_6)
FNDA:19,(anonymous_7)
FNDA:38,(anonymous_8)
FNDA:38,(anonymous_9)
DA:1,6
DA:3,6
DA:4,6
DA:5,6
DA:6,6
DA:7,6
DA:9,6
DA:11,38
DA:15,38
DA:24,38
DA:29,38
DA:31,76
DA:33,76
DA:36,19
DA:38,38
DA:40,38
LF:16
LH:16
BRDA:9,0,0,0
BRDA:9,1,0,19
BRDA:9,2,0,19
BRDA:9,3,0,19
BRDA:9,4,0,19
BRDA:9,5,0,19
BRF:6
BRH:5
end_of_record
TN:
SF:/Users/home/alchemy/career/overripe-bananas/lib/middleware/ensure-auth.js
FN:3,(anonymous_0)
FN:7,(anonymous_1)
FN:14,(anonymous_2)
FN:18,(anonymous_3)
FNF:4
FNH:0
FNDA:0,(anonymous_0)
FNDA:0,(anonymous_1)
FNDA:0,(anonymous_2)
FNDA:0,(anonymous_3)
DA:1,6
DA:3,6
DA:4,0
DA:5,0
DA:8,0
DA:9,0
DA:14,6
DA:15,0
DA:16,0
DA:19,0
DA:20,0
DA:22,0
DA:23,0
DA:28,6
LF:14
LH:4
BRDA:19,0,0,0
BRDA:19,0,1,0
BRF:2
BRH:0
end_of_record
TN:
SF:/Users/home/alchemy/career/overripe-bananas/lib/middleware/error.js
FN:4,(anonymous_0)
FNF:1
FNH:1
FNDA:1,(anonymous_0)
DA:1,6
DA:4,6
DA:5,1
DA:7,1
DA:9,0
DA:12,1
DA:14,1
DA:16,1
LF:8
LH:7
BRDA:5,0,0,1
BRDA:5,0,1,1
BRDA:7,1,0,0
BRDA:7,1,1,1
BRDA:7,2,0,1
BRDA:7,2,1,1
BRF:6
BRH:5
end_of_record
TN:
SF:/Users/home/alchemy/career/overripe-bananas/lib/middleware/not-found.js
FN:1,(anonymous_0)
FNF:1
FNH:0
FNDA:0,(anonymous_0)
DA:1,6
DA:2,0
DA:3,0
DA:4,0
LF:4
LH:1
BRF:0
BRH:0
end_of_record
TN:
SF:/Users/home/alchemy/career/overripe-bananas/lib/models/Actor.js
FNF:0
FNH:0
DA:1,7
DA:3,7
DA:17,7
DA:23,7
LF:4
LH:4
BRF:0
BRH:0
end_of_record
TN:
SF:/Users/home/alchemy/career/overripe-bananas/lib/models/Film.js
FN:35,(anonymous_0)
FNF:1
FNH:1
FNDA:1,(anonymous_0)
DA:1,7
DA:3,7
DA:12,7
DA:35,7
DA:36,1
DA:37,1
DA:39,1
DA:42,7
LF:8
LH:8
BRF:0
BRH:0
end_of_record
TN:
SF:/Users/home/alchemy/career/overripe-bananas/lib/models/Review.js
FNF:0
FNH:0
DA:1,7
DA:3,7
DA:27,7
LF:3
LH:3
BRF:0
BRH:0
end_of_record
TN:
SF:/Users/home/alchemy/career/overripe-bananas/lib/models/Reviewer.js
FN:24,(anonymous_0)
FN:27,(anonymous_1)
FNF:2
FNH:2
FNDA:2,(anonymous_0)
FNDA:2,(anonymous_1)
DA:1,7
DA:3,7
DA:18,7
DA:24,7
DA:25,2
DA:28,2
DA:29,1
DA:32,1
DA:37,7
LF:9
LH:9
BRDA:28,0,0,1
BRDA:28,0,1,1
BRF:2
BRH:2
end_of_record
TN:
SF:/Users/home/alchemy/career/overripe-bananas/lib/models/Studio.js
FNF:0
FNH:0
DA:1,7
DA:3,7
DA:19,7
DA:25,7
LF:4
LH:4
BRF:0
BRH:0
end_of_record
TN:
SF:/Users/home/alchemy/career/overripe-bananas/lib/models/User.js
FN:21,(anonymous_0)
FN:27,(anonymous_1)
FN:31,(anonymous_2)
FN:44,(anonymous_3)
FN:61,(anonymous_4)
FNF:5
FNH:3
FNDA:2,(anonymous_0)
FNDA:1,(anonymous_1)
FNDA:0,(anonymous_2)
FNDA:0,(anonymous_3)
FNDA:1,(anonymous_4)
DA:1,7
DA:2,7
DA:3,7
DA:5,7
DA:22,2
DA:27,7
DA:28,1
DA:31,7
DA:32,0
DA:33,0
DA:34,0
DA:40,0
DA:44,7
DA:45,0
DA:46,0
DA:47,0
DA:48,0
DA:49,0
DA:52,0
DA:53,0
DA:54,0
DA:55,0
DA:56,0
DA:58,0
DA:61,7
DA:62,1
DA:67,7
LF:27
LH:12
BRDA:33,0,0,0
BRDA:33,0,1,0
BRDA:46,1,0,0
BRDA:46,1,1,0
BRDA:53,2,0,0
BRDA:53,2,1,0
BRF:6
BRH:0
end_of_record
TN:
SF:/Users/home/alchemy/career/overripe-bananas/lib/routes/actors.js
FN:5,(anonymous_0)
FN:8,(anonymous_1)
FN:11,(anonymous_2)
FN:15,(anonymous_3)
FN:18,(anonymous_4)
FN:22,(anonymous_5)
FNF:6
FNH:6
FNDA:1,(anonymous_0)
FNDA:1,(anonymous_1)
FNDA:1,(anonymous_2)
FNDA:1,(anonymous_3)
FNDA:1,(anonymous_4)
FNDA:1,(anonymous_5)
DA:1,6
DA:2,6
DA:4,6
DA:6,1
DA:8,1
DA:12,1
DA:15,1
DA:19,1
DA:22,1
LF:9
LH:9
BRF:0
BRH:0
end_of_record
TN:
SF:/Users/home/alchemy/career/overripe-bananas/lib/routes/auth.js
FN:7,(anonymous_0)
FN:14,(anonymous_1)
FN:17,(anonymous_2)
FN:24,(anonymous_3)
FN:27,(anonymous_4)
FN:34,(anonymous_5)
FNF:6
FNH:3
FNDA:1,(anonymous_0)
FNDA:1,(anonymous_1)
FNDA:1,(anonymous_2)
FNDA:0,(anonymous_3)
FNDA:0,(anonymous_4)
FNDA:0,(anonymous_5)
DA:1,6
DA:2,6
DA:3,6
DA:5,6
DA:7,6
DA:8,1
DA:13,6
DA:15,1
DA:18,1
DA:19,1
DA:25,0
DA:28,0
DA:29,0
DA:35,0
LF:14
LH:10
BRF:0
BRH:0
end_of_record
TN:
SF:/Users/home/alchemy/career/overripe-bananas/lib/routes/films.js
FN:5,(anonymous_0)
FN:8,(anonymous_1)
FN:11,(anonymous_2)
FN:16,(anonymous_3)
FN:19,(anonymous_4)
FN:23,(anonymous_5)
FN:24,(anonymous_6)
FNF:7
FNH:7
FNDA:1,(anonymous_0)
FNDA:1,(anonymous_1)
FNDA:1,(anonymous_2)
FNDA:1,(anonymous_3)
FNDA:1,(anonymous_4)
FNDA:1,(anonymous_5)
FNDA:1,(anonymous_6)
DA:1,6
DA:2,6
DA:4,6
DA:6,1
DA:8,1
DA:12,1
DA:16,1
DA:20,1
DA:23,1
DA:24,1
LF:10
LH:10
BRF:0
BRH:0
end_of_record
TN:
SF:/Users/home/alchemy/career/overripe-bananas/lib/routes/reviewers.js
FN:5,(anonymous_0)
FN:8,(anonymous_1)
FN:10,(anonymous_2)
FN:13,(anonymous_3)
FN:15,(anonymous_4)
FN:26,(anonymous_5)
FN:29,(anonymous_6)
FN:32,(anonymous_7)
FN:35,(anonymous_8)
FN:38,(anonymous_9)
FNF:10
FNH:10
FNDA:1,(anonymous_0)
FNDA:1,(anonymous_1)
FNDA:1,(anonymous_2)
FNDA:1,(anonymous_3)
FNDA:1,(anonymous_4)
FNDA:1,(anonymous_5)
FNDA:1,(anonymous_6)
FNDA:1,(anonymous_7)
FNDA:2,(anonymous_8)
FNDA:1,(anonymous_9)
DA:1,6
DA:2,6
DA:4,6
DA:6,1
DA:8,1
DA:11,1
DA:13,1
DA:16,1
DA:26,1
DA:30,1
DA:32,1
DA:36,2
DA:38,1
LF:13
LH:13
BRF:0
BRH:0
end_of_record
TN:
SF:/Users/home/alchemy/career/overripe-bananas/lib/routes/reviews.js
FN:5,(anonymous_0)
FN:8,(anonymous_1)
FN:11,(anonymous_2)
FN:15,(anonymous_3)
FN:17,(anonymous_4)
FN:20,(anonymous_5)
FNF:6
FNH:6
FNDA:1,(anonymous_0)
FNDA:1,(anonymous_1)
FNDA:1,(anonymous_2)
FNDA:1,(anonymous_3)
FNDA:1,(anonymous_4)
FNDA:1,(anonymous_5)
DA:1,6
DA:2,6
DA:4,6
DA:6,1
DA:8,1
DA:12,1
DA:15,1
DA:18,1
DA:20,1
LF:9
LH:9
BRF:0
BRH:0
end_of_record
TN:
SF:/Users/home/alchemy/career/overripe-bananas/lib/routes/studios.js
FN:5,(anonymous_0)
FN:8,(anonymous_1)
FN:11,(anonymous_2)
FN:15,(anonymous_3)
FN:18,(anonymous_4)
FN:22,(anonymous_5)
FNF:6
FNH:6
FNDA:1,(anonymous_0)
FNDA:1,(anonymous_1)
FNDA:1,(anonymous_2)
FNDA:1,(anonymous_3)
FNDA:1,(anonymous_4)
FNDA:1,(anonymous_5)
DA:1,6
DA:2,6
DA:4,6
DA:6,1
DA:8,1
DA:12,1
DA:15,1
DA:19,1
DA:22,1
LF:9
LH:9
BRF:0
BRH:0
end_of_record
TN:
SF:/Users/home/alchemy/career/overripe-bananas/lib/utils/connect.js
FN:4,(anonymous_0)
FN:12,(anonymous_1)
FN:18,(anonymous_2)
FN:22,(anonymous_3)
FNF:4
FNH:3
FNDA:6,(anonymous_0)
FNDA:6,(anonymous_1)
FNDA:6,(anonymous_2)
FNDA:0,(anonymous_3)
DA:1,6
DA:2,6
DA:4,6
DA:5,6
DA:12,6
DA:13,6
DA:14,6
DA:15,6
DA:18,6
DA:19,6
DA:22,6
DA:23,0
LF:12
LH:11
BRDA:4,0,0,6
BRF:1
BRH:1
end_of_record
